<?xml version="1.0" encoding="UTF-8"?>
<!-- Generated by org.testng.reporters.JUnitReportReporter -->
<testsuite hostname="NICDM214" failures="0" tests="1" name="testcases.logintestcase" time="16.230" errors="0" timestamp="2022-02-03T12:08:36 IST" skipped="0">
  <testcase classname="testcases.logintestcase" name="login" time="16.230"/>
  <system-out/>
</testsuite> <!-- testcases.logintestcase -->
